<?xml version="1.0" encoding="UTF-8"?>
<!-- Generated by org.testng.reporters.JUnitXMLReporter -->
<testsuite ignored="0" hostname="DESKTOP-A6ELU01" failures="1" tests="3" name="Test" time="24.098" errors="0" timestamp="2022-06-06T13:16:47 ART">
  <testcase classname="example.NewTest" name="WindowsLogon_01" time="17.547"/>
  <testcase classname="example.NewTest" name="WindowsLogon_02" time="1.494">
    <failure type="java.lang.AssertionError" message="Login user as espected expected [true] but found [false]">
      <![CDATA[java.lang.AssertionError: Login user as espected expected [true] but found [false]
at example.NewTest.WindowsLogon_02(NewTest.java:130)
at java.base/java.util.ArrayList.forEach(ArrayList.java:1511)
... Removed 28 stack frames]]>
    </failure>
  </testcase> <!-- WindowsLogon_02 -->
  <testcase classname="example.NewTest" name="testEasy" time="0.3"/>
</testsuite> <!-- Test -->
