<?xml version="1.0" encoding="UTF-8"?>
<!-- Generated by org.testng.reporters.JUnitXMLReporter -->
<testsuite ignored="0" hostname="DESKTOP-A6ELU01" failures="0" tests="3" name="Test" time="27.079" errors="0" timestamp="2022-06-06T16:28:28 ART">
  <testcase classname="example.NewTest" name="WindowsLogon_01" time="17.883"/>
  <testcase classname="example.NewTest" name="WindowsLogon_02" time="1.016"/>
  <testcase classname="example.NewTest" name="testEasy" time="0.344"/>
</testsuite> <!-- Test -->
