<?xml version="1.0" encoding="UTF-8"?>
<!-- Generated by org.testng.reporters.JUnitXMLReporter -->
<testsuite hostname="DESKTOP-A6ELU01" failures="1" tests="1" name="Command line test" time="23.779" errors="0" timestamp="3 Jun 2022 19:35:12 GMT">
  <testcase classname="example.NewTest" name="testEasy" time="0.559">
    <failure type="java.lang.AssertionError" message="expected [true] but found [false]">
      <![CDATA[java.lang.AssertionError: expected [true] but found [false]
	at example.NewTest.testEasy(NewTest.java:38)
... Removed 37 stack frames]]>
    </failure>
  </testcase> <!-- testEasy -->
</testsuite> <!-- Command line test -->
