<?xml version="1.0" encoding="UTF-8"?>
<testng-results ignored="0" total="1" passed="1" failed="0" skipped="0">
  <reporter-output>
  </reporter-output>
  <suite started-at="2022-06-06T11:43:01 ART" name="Suite" finished-at="2022-06-06T11:43:22 ART" duration-ms="21326">
    <groups>
    </groups>
    <test started-at="2022-06-06T11:43:01 ART" name="Test" finished-at="2022-06-06T11:43:22 ART" duration-ms="21326">
      <class name="example.NewTest">
        <test-method is-config="true" signature="beforeTest()[pri:0, instance:example.NewTest@ef9296d]" started-at="2022-06-06T11:43:01 ART" name="beforeTest" finished-at="2022-06-06T11:43:04 ART" duration-ms="2861" status="PASS">
          <reporter-output>
          </reporter-output>
        </test-method> <!-- beforeTest -->
        <test-method signature="WindowsLogon_01()[pri:10, instance:example.NewTest@ef9296d]" started-at="2022-06-06T11:43:04 ART" name="WindowsLogon_01" finished-at="2022-06-06T11:43:22 ART" duration-ms="18073" status="PASS">
          <reporter-output>
          </reporter-output>
        </test-method> <!-- WindowsLogon_01 -->
        <test-method is-config="true" signature="afterTest()[pri:0, instance:example.NewTest@ef9296d]" started-at="2022-06-06T11:43:22 ART" name="afterTest" finished-at="2022-06-06T11:43:22 ART" duration-ms="352" status="PASS">
          <reporter-output>
          </reporter-output>
        </test-method> <!-- afterTest -->
      </class> <!-- example.NewTest -->
    </test> <!-- Test -->
  </suite> <!-- Suite -->
</testng-results>
