<?xml version="1.0" encoding="UTF-8"?>
<testng-results total="1" passed="1" failed="0" skipped="0">
  <reporter-output>
  </reporter-output>
  <suite started-at="2022-06-03T18:31:05Z" name="example.NewTest" finished-at="2022-06-03T18:31:13Z" duration-ms="7274">
    <groups>
    </groups>
    <test started-at="2022-06-03T18:31:05Z" name="Command line test" finished-at="2022-06-03T18:31:13Z" duration-ms="7274">
      <class name="example.NewTest">
        <test-method is-config="true" signature="beforeTest()[pri:0, instance:example.NewTest@6a192cfe]" started-at="2022-06-03T15:31:05Z" name="beforeTest" finished-at="2022-06-03T15:31:11Z" duration-ms="5634" status="PASS">
          <reporter-output>
          </reporter-output>
        </test-method> <!-- beforeTest -->
        <test-method signature="testEasy()[pri:0, instance:example.NewTest@6a192cfe]" started-at="2022-06-03T15:31:11Z" name="testEasy" finished-at="2022-06-03T15:31:12Z" duration-ms="1360" status="PASS">
          <reporter-output>
          </reporter-output>
        </test-method> <!-- testEasy -->
        <test-method is-config="true" signature="afterTest()[pri:0, instance:example.NewTest@6a192cfe]" started-at="2022-06-03T15:31:12Z" name="afterTest" finished-at="2022-06-03T15:31:13Z" duration-ms="272" status="PASS">
          <reporter-output>
          </reporter-output>
        </test-method> <!-- afterTest -->
      </class> <!-- example.NewTest -->
    </test> <!-- Command line test -->
  </suite> <!-- example.NewTest -->
</testng-results>
