<?xml version="1.0" encoding="UTF-8"?>
<testng-results total="2" passed="2" failed="0" skipped="0">
  <reporter-output>
  </reporter-output>
  <suite started-at="2022-06-06T15:31:15Z" name="Suite" finished-at="2022-06-06T15:31:21Z" duration-ms="5441">
    <groups>
    </groups>
    <test started-at="2022-06-06T15:31:15Z" name="Test" finished-at="2022-06-06T15:31:21Z" duration-ms="5441">
      <class name="example.NewTest">
        <test-method is-config="true" signature="beforeTest()[pri:0, instance:example.NewTest@428640fa]" started-at="2022-06-06T12:31:15Z" name="beforeTest" finished-at="2022-06-06T12:31:17Z" duration-ms="1949" status="PASS">
          <reporter-output>
          </reporter-output>
        </test-method> <!-- beforeTest -->
        <test-method signature="WindowsLogon_01()[pri:10, instance:example.NewTest@428640fa]" started-at="2022-06-06T12:31:17Z" name="WindowsLogon_01" finished-at="2022-06-06T12:31:19Z" duration-ms="1672" status="PASS">
          <reporter-output>
          </reporter-output>
        </test-method> <!-- WindowsLogon_01 -->
        <test-method is-config="true" signature="afterTest()[pri:0, instance:example.NewTest@428640fa]" started-at="2022-06-06T12:31:19Z" name="afterTest" finished-at="2022-06-06T12:31:19Z" duration-ms="160" status="PASS">
          <reporter-output>
          </reporter-output>
        </test-method> <!-- afterTest -->
        <test-method is-config="true" signature="beforeTest()[pri:0, instance:example.NewTest@428640fa]" started-at="2022-06-06T12:31:19Z" name="beforeTest" finished-at="2022-06-06T12:31:20Z" duration-ms="1189" status="PASS">
          <reporter-output>
          </reporter-output>
        </test-method> <!-- beforeTest -->
        <test-method signature="testEasy()[pri:20, instance:example.NewTest@428640fa]" started-at="2022-06-06T12:31:20Z" name="testEasy" finished-at="2022-06-06T12:31:20Z" duration-ms="313" status="PASS">
          <reporter-output>
          </reporter-output>
        </test-method> <!-- testEasy -->
        <test-method is-config="true" signature="afterTest()[pri:0, instance:example.NewTest@428640fa]" started-at="2022-06-06T12:31:20Z" name="afterTest" finished-at="2022-06-06T12:31:21Z" duration-ms="148" status="PASS">
          <reporter-output>
          </reporter-output>
        </test-method> <!-- afterTest -->
      </class> <!-- example.NewTest -->
    </test> <!-- Test -->
  </suite> <!-- Suite -->
</testng-results>
