<?xml version="1.0" encoding="UTF-8"?>
<testng-results total="1" passed="1" failed="0" skipped="0">
  <reporter-output>
  </reporter-output>
  <suite started-at="2022-06-03T20:05:42Z" name="Suite" finished-at="2022-06-03T20:06:04Z" duration-ms="22523">
    <groups>
    </groups>
    <test started-at="2022-06-03T20:05:42Z" name="Test" finished-at="2022-06-03T20:06:04Z" duration-ms="22523">
      <class name="example.NewTest">
        <test-method is-config="true" signature="beforeTest()[pri:0, instance:example.NewTest@428640fa]" started-at="2022-06-03T17:05:42Z" name="beforeTest" finished-at="2022-06-03T17:06:02Z" duration-ms="19960" status="PASS">
          <reporter-output>
          </reporter-output>
        </test-method> <!-- beforeTest -->
        <test-method signature="testEasy()[pri:0, instance:example.NewTest@428640fa]" started-at="2022-06-03T17:06:02Z" name="testEasy" finished-at="2022-06-03T17:06:04Z" duration-ms="1899" status="PASS">
          <reporter-output>
          </reporter-output>
        </test-method> <!-- testEasy -->
        <test-method is-config="true" signature="afterTest()[pri:0, instance:example.NewTest@428640fa]" started-at="2022-06-03T17:06:04Z" name="afterTest" finished-at="2022-06-03T17:06:04Z" duration-ms="651" status="PASS">
          <reporter-output>
          </reporter-output>
        </test-method> <!-- afterTest -->
      </class> <!-- example.NewTest -->
    </test> <!-- Test -->
  </suite> <!-- Suite -->
</testng-results>
