<?xml version="1.0" encoding="UTF-8"?>
<testng-results ignored="0" total="2" passed="2" failed="0" skipped="0">
  <reporter-output>
  </reporter-output>
  <suite started-at="2022-06-06T12:58:03 ART" name="Suite" finished-at="2022-06-06T12:58:09 ART" duration-ms="6404">
    <groups>
    </groups>
    <test started-at="2022-06-06T12:58:03 ART" name="Test" finished-at="2022-06-06T12:58:09 ART" duration-ms="6404">
      <class name="example.NewTest">
        <test-method is-config="true" signature="beforeTest()[pri:0, instance:example.NewTest@22a637e7]" started-at="2022-06-06T12:58:03 ART" name="beforeTest" finished-at="2022-06-06T12:58:05 ART" duration-ms="2583" status="PASS">
          <reporter-output>
          </reporter-output>
        </test-method> <!-- beforeTest -->
        <test-method signature="WindowsLogon_01()[pri:10, instance:example.NewTest@22a637e7]" started-at="2022-06-06T12:58:05 ART" name="WindowsLogon_01" finished-at="2022-06-06T12:58:07 ART" duration-ms="2060" status="PASS">
          <reporter-output>
          </reporter-output>
        </test-method> <!-- WindowsLogon_01 -->
        <test-method is-config="true" signature="afterTest()[pri:0, instance:example.NewTest@22a637e7]" started-at="2022-06-06T12:58:07 ART" name="afterTest" finished-at="2022-06-06T12:58:08 ART" duration-ms="274" status="PASS">
          <reporter-output>
          </reporter-output>
        </test-method> <!-- afterTest -->
        <test-method is-config="true" signature="beforeTest()[pri:0, instance:example.NewTest@22a637e7]" started-at="2022-06-06T12:58:08 ART" name="beforeTest" finished-at="2022-06-06T12:58:09 ART" duration-ms="947" status="PASS">
          <reporter-output>
          </reporter-output>
        </test-method> <!-- beforeTest -->
        <test-method signature="testEasy()[pri:20, instance:example.NewTest@22a637e7]" started-at="2022-06-06T12:58:09 ART" name="testEasy" finished-at="2022-06-06T12:58:09 ART" duration-ms="296" status="PASS">
          <reporter-output>
          </reporter-output>
        </test-method> <!-- testEasy -->
        <test-method is-config="true" signature="afterTest()[pri:0, instance:example.NewTest@22a637e7]" started-at="2022-06-06T12:58:09 ART" name="afterTest" finished-at="2022-06-06T12:58:09 ART" duration-ms="194" status="PASS">
          <reporter-output>
          </reporter-output>
        </test-method> <!-- afterTest -->
      </class> <!-- example.NewTest -->
    </test> <!-- Test -->
  </suite> <!-- Suite -->
</testng-results>
