<?xml version="1.0" encoding="UTF-8"?>
<testng-results ignored="0" total="2" passed="2" failed="0" skipped="0">
  <reporter-output>
  </reporter-output>
  <suite started-at="2022-06-06T13:05:49 ART" name="Suite" finished-at="2022-06-06T13:06:18 ART" duration-ms="28333">
    <groups>
    </groups>
    <test started-at="2022-06-06T13:05:49 ART" name="Test" finished-at="2022-06-06T13:06:18 ART" duration-ms="28333">
      <class name="example.NewTest">
        <test-method is-config="true" signature="beforeTest()[pri:0, instance:example.NewTest@36c88a32]" started-at="2022-06-06T13:05:49 ART" name="beforeTest" finished-at="2022-06-06T13:05:57 ART" duration-ms="7575" status="PASS">
          <reporter-output>
          </reporter-output>
        </test-method> <!-- beforeTest -->
        <test-method signature="WindowsLogon_01()[pri:10, instance:example.NewTest@36c88a32]" started-at="2022-06-06T13:05:57 ART" name="WindowsLogon_01" finished-at="2022-06-06T13:06:15 ART" duration-ms="18624" status="PASS">
          <reporter-output>
          </reporter-output>
        </test-method> <!-- WindowsLogon_01 -->
        <test-method is-config="true" signature="afterTest()[pri:0, instance:example.NewTest@36c88a32]" started-at="2022-06-06T13:06:15 ART" name="afterTest" finished-at="2022-06-06T13:06:16 ART" duration-ms="244" status="PASS">
          <reporter-output>
          </reporter-output>
        </test-method> <!-- afterTest -->
        <test-method is-config="true" signature="beforeTest()[pri:0, instance:example.NewTest@36c88a32]" started-at="2022-06-06T13:06:16 ART" name="beforeTest" finished-at="2022-06-06T13:06:17 ART" duration-ms="1169" status="PASS">
          <reporter-output>
          </reporter-output>
        </test-method> <!-- beforeTest -->
        <test-method signature="testEasy()[pri:20, instance:example.NewTest@36c88a32]" started-at="2022-06-06T13:06:17 ART" name="testEasy" finished-at="2022-06-06T13:06:17 ART" duration-ms="361" status="PASS">
          <reporter-output>
          </reporter-output>
        </test-method> <!-- testEasy -->
        <test-method is-config="true" signature="afterTest()[pri:0, instance:example.NewTest@36c88a32]" started-at="2022-06-06T13:06:17 ART" name="afterTest" finished-at="2022-06-06T13:06:18 ART" duration-ms="314" status="PASS">
          <reporter-output>
          </reporter-output>
        </test-method> <!-- afterTest -->
      </class> <!-- example.NewTest -->
    </test> <!-- Test -->
  </suite> <!-- Suite -->
</testng-results>
