<?xml version="1.0" encoding="UTF-8"?>
<testng-results total="2" passed="2" failed="0" skipped="0">
  <reporter-output>
  </reporter-output>
  <suite started-at="2022-06-06T15:27:41Z" name="Suite" finished-at="2022-06-06T15:28:03Z" duration-ms="21673">
    <groups>
    </groups>
    <test started-at="2022-06-06T15:27:41Z" name="Test" finished-at="2022-06-06T15:28:03Z" duration-ms="21673">
      <class name="example.NewTest">
        <test-method is-config="true" signature="beforeTest()[pri:0, instance:example.NewTest@428640fa]" started-at="2022-06-06T12:27:41Z" name="beforeTest" finished-at="2022-06-06T12:27:43Z" duration-ms="2141" status="PASS">
          <reporter-output>
          </reporter-output>
        </test-method> <!-- beforeTest -->
        <test-method signature="WindowsLogon_01()[pri:10, instance:example.NewTest@428640fa]" started-at="2022-06-06T12:27:43Z" name="WindowsLogon_01" finished-at="2022-06-06T12:28:01Z" duration-ms="17552" status="PASS">
          <reporter-output>
          </reporter-output>
        </test-method> <!-- WindowsLogon_01 -->
        <test-method is-config="true" signature="afterTest()[pri:0, instance:example.NewTest@428640fa]" started-at="2022-06-06T12:28:01Z" name="afterTest" finished-at="2022-06-06T12:28:01Z" duration-ms="219" status="PASS">
          <reporter-output>
          </reporter-output>
        </test-method> <!-- afterTest -->
        <test-method is-config="true" signature="beforeTest()[pri:0, instance:example.NewTest@428640fa]" started-at="2022-06-06T12:28:01Z" name="beforeTest" finished-at="2022-06-06T12:28:02Z" duration-ms="1200" status="PASS">
          <reporter-output>
          </reporter-output>
        </test-method> <!-- beforeTest -->
        <test-method signature="testEasy()[pri:20, instance:example.NewTest@428640fa]" started-at="2022-06-06T12:28:02Z" name="testEasy" finished-at="2022-06-06T12:28:03Z" duration-ms="333" status="PASS">
          <reporter-output>
          </reporter-output>
        </test-method> <!-- testEasy -->
        <test-method is-config="true" signature="afterTest()[pri:0, instance:example.NewTest@428640fa]" started-at="2022-06-06T12:28:03Z" name="afterTest" finished-at="2022-06-06T12:28:03Z" duration-ms="219" status="PASS">
          <reporter-output>
          </reporter-output>
        </test-method> <!-- afterTest -->
      </class> <!-- example.NewTest -->
    </test> <!-- Test -->
  </suite> <!-- Suite -->
</testng-results>
