<?xml version="1.0" encoding="UTF-8"?>
<testng-results ignored="0" total="3" passed="3" failed="0" skipped="0">
  <reporter-output>
  </reporter-output>
  <suite started-at="2022-06-06T13:31:16 ART" name="Suite" finished-at="2022-06-06T13:31:45 ART" duration-ms="28836">
    <groups>
    </groups>
    <test started-at="2022-06-06T13:31:16 ART" name="Test" finished-at="2022-06-06T13:31:45 ART" duration-ms="28836">
      <class name="example.NewTest">
        <test-method is-config="true" signature="beforeTest()[pri:0, instance:example.NewTest@7880cdf3]" started-at="2022-06-06T13:31:16 ART" name="beforeTest" finished-at="2022-06-06T13:31:21 ART" duration-ms="4875" status="PASS">
          <reporter-output>
          </reporter-output>
        </test-method> <!-- beforeTest -->
        <test-method signature="WindowsLogon_01()[pri:10, instance:example.NewTest@7880cdf3]" started-at="2022-06-06T13:31:21 ART" name="WindowsLogon_01" finished-at="2022-06-06T13:31:40 ART" duration-ms="18942" status="PASS">
          <reporter-output>
          </reporter-output>
        </test-method> <!-- WindowsLogon_01 -->
        <test-method is-config="true" signature="afterTest()[pri:0, instance:example.NewTest@7880cdf3]" started-at="2022-06-06T13:31:40 ART" name="afterTest" finished-at="2022-06-06T13:31:40 ART" duration-ms="197" status="PASS">
          <reporter-output>
          </reporter-output>
        </test-method> <!-- afterTest -->
        <test-method is-config="true" signature="beforeTest()[pri:0, instance:example.NewTest@7880cdf3]" started-at="2022-06-06T13:31:40 ART" name="beforeTest" finished-at="2022-06-06T13:31:41 ART" duration-ms="1371" status="PASS">
          <reporter-output>
          </reporter-output>
        </test-method> <!-- beforeTest -->
        <test-method signature="WindowsLogon_02()[pri:11, instance:example.NewTest@7880cdf3]" started-at="2022-06-06T13:31:41 ART" name="WindowsLogon_02" finished-at="2022-06-06T13:31:43 ART" duration-ms="1599" status="PASS">
          <reporter-output>
          </reporter-output>
        </test-method> <!-- WindowsLogon_02 -->
        <test-method is-config="true" signature="afterTest()[pri:0, instance:example.NewTest@7880cdf3]" started-at="2022-06-06T13:31:43 ART" name="afterTest" finished-at="2022-06-06T13:31:43 ART" duration-ms="185" status="PASS">
          <reporter-output>
          </reporter-output>
        </test-method> <!-- afterTest -->
        <test-method is-config="true" signature="beforeTest()[pri:0, instance:example.NewTest@7880cdf3]" started-at="2022-06-06T13:31:43 ART" name="beforeTest" finished-at="2022-06-06T13:31:44 ART" duration-ms="1081" status="PASS">
          <reporter-output>
          </reporter-output>
        </test-method> <!-- beforeTest -->
        <test-method signature="testEasy()[pri:20, instance:example.NewTest@7880cdf3]" started-at="2022-06-06T13:31:44 ART" name="testEasy" finished-at="2022-06-06T13:31:44 ART" duration-ms="347" status="PASS">
          <reporter-output>
          </reporter-output>
        </test-method> <!-- testEasy -->
        <test-method is-config="true" signature="afterTest()[pri:0, instance:example.NewTest@7880cdf3]" started-at="2022-06-06T13:31:44 ART" name="afterTest" finished-at="2022-06-06T13:31:45 ART" duration-ms="189" status="PASS">
          <reporter-output>
          </reporter-output>
        </test-method> <!-- afterTest -->
      </class> <!-- example.NewTest -->
    </test> <!-- Test -->
  </suite> <!-- Suite -->
</testng-results>
