<?xml version="1.0" encoding="UTF-8"?>
<testng-results total="1" passed="1" failed="0" skipped="0">
  <reporter-output>
  </reporter-output>
  <suite started-at="2022-06-06T14:32:02Z" name="Suite" finished-at="2022-06-06T14:32:22Z" duration-ms="20561">
    <groups>
    </groups>
    <test started-at="2022-06-06T14:32:02Z" name="Test" finished-at="2022-06-06T14:32:22Z" duration-ms="20561">
      <class name="example.NewTest">
        <test-method is-config="true" signature="beforeTest()[pri:0, instance:example.NewTest@2ddc9a9f]" started-at="2022-06-06T11:32:02Z" name="beforeTest" finished-at="2022-06-06T11:32:04Z" duration-ms="1904" status="PASS">
          <reporter-output>
          </reporter-output>
        </test-method> <!-- beforeTest -->
        <test-method signature="WindowsLogon_01()[pri:10, instance:example.NewTest@2ddc9a9f]" started-at="2022-06-06T11:32:04Z" name="WindowsLogon_01" finished-at="2022-06-06T11:32:22Z" duration-ms="18415" status="PASS">
          <reporter-output>
          </reporter-output>
        </test-method> <!-- WindowsLogon_01 -->
        <test-method is-config="true" signature="afterTest()[pri:0, instance:example.NewTest@2ddc9a9f]" started-at="2022-06-06T11:32:22Z" name="afterTest" finished-at="2022-06-06T11:32:22Z" duration-ms="239" status="PASS">
          <reporter-output>
          </reporter-output>
        </test-method> <!-- afterTest -->
      </class> <!-- example.NewTest -->
    </test> <!-- Test -->
  </suite> <!-- Suite -->
</testng-results>
