<?xml version="1.0" encoding="UTF-8"?>
<testng-results ignored="0" total="3" passed="3" failed="0" skipped="0">
  <reporter-output>
  </reporter-output>
  <suite started-at="2022-06-06T16:28:01 ART" name="Suite" finished-at="2022-06-06T16:28:28 ART" duration-ms="27079">
    <groups>
    </groups>
    <test started-at="2022-06-06T16:28:01 ART" name="Test" finished-at="2022-06-06T16:28:28 ART" duration-ms="27079">
      <class name="example.NewTest">
        <test-method is-config="true" signature="beforeTest(java.lang.String)[pri:0, instance:example.NewTest@79e2c065]" started-at="2022-06-06T16:28:01 ART" name="beforeTest" finished-at="2022-06-06T16:28:06 ART" duration-ms="4928" status="PASS">
          <params>
            <param index="0">
              <value>
                <![CDATA[Chrome]]>
              </value>
            </param>
          </params>
          <reporter-output>
          </reporter-output>
        </test-method> <!-- beforeTest -->
        <test-method signature="WindowsLogon_01()[pri:10, instance:example.NewTest@79e2c065]" started-at="2022-06-06T16:28:06 ART" name="WindowsLogon_01" finished-at="2022-06-06T16:28:24 ART" duration-ms="17883" status="PASS">
          <reporter-output>
          </reporter-output>
        </test-method> <!-- WindowsLogon_01 -->
        <test-method is-config="true" signature="afterTest()[pri:0, instance:example.NewTest@79e2c065]" started-at="2022-06-06T16:28:24 ART" name="afterTest" finished-at="2022-06-06T16:28:24 ART" duration-ms="254" status="PASS">
          <reporter-output>
          </reporter-output>
        </test-method> <!-- afterTest -->
        <test-method is-config="true" signature="beforeTest(java.lang.String)[pri:0, instance:example.NewTest@79e2c065]" started-at="2022-06-06T16:28:24 ART" name="beforeTest" finished-at="2022-06-06T16:28:26 ART" duration-ms="1102" status="PASS">
          <params>
            <param index="0">
              <value>
                <![CDATA[Chrome]]>
              </value>
            </param>
          </params>
          <reporter-output>
          </reporter-output>
        </test-method> <!-- beforeTest -->
        <test-method signature="WindowsLogon_02()[pri:10, instance:example.NewTest@79e2c065]" started-at="2022-06-06T16:28:26 ART" name="WindowsLogon_02" finished-at="2022-06-06T16:28:27 ART" duration-ms="1016" status="PASS">
          <reporter-output>
          </reporter-output>
        </test-method> <!-- WindowsLogon_02 -->
        <test-method is-config="true" signature="afterTest()[pri:0, instance:example.NewTest@79e2c065]" started-at="2022-06-06T16:28:27 ART" name="afterTest" finished-at="2022-06-06T16:28:27 ART" duration-ms="236" status="PASS">
          <reporter-output>
          </reporter-output>
        </test-method> <!-- afterTest -->
        <test-method is-config="true" signature="beforeTest(java.lang.String)[pri:0, instance:example.NewTest@79e2c065]" started-at="2022-06-06T16:28:27 ART" name="beforeTest" finished-at="2022-06-06T16:28:28 ART" duration-ms="1053" status="PASS">
          <params>
            <param index="0">
              <value>
                <![CDATA[Chrome]]>
              </value>
            </param>
          </params>
          <reporter-output>
          </reporter-output>
        </test-method> <!-- beforeTest -->
        <test-method signature="testEasy()[pri:10, instance:example.NewTest@79e2c065]" started-at="2022-06-06T16:28:28 ART" name="testEasy" finished-at="2022-06-06T16:28:28 ART" duration-ms="344" status="PASS">
          <reporter-output>
          </reporter-output>
        </test-method> <!-- testEasy -->
        <test-method is-config="true" signature="afterTest()[pri:0, instance:example.NewTest@79e2c065]" started-at="2022-06-06T16:28:28 ART" name="afterTest" finished-at="2022-06-06T16:28:28 ART" duration-ms="214" status="PASS">
          <reporter-output>
          </reporter-output>
        </test-method> <!-- afterTest -->
      </class> <!-- example.NewTest -->
    </test> <!-- Test -->
  </suite> <!-- Suite -->
</testng-results>
